<?xml version="1.0" encoding="UTF-8"?>
<testng-results ignored="0" total="1" passed="1" failed="0" skipped="0">
  <reporter-output>
  </reporter-output>
  <suite started-at="2024-06-20T19:04:41 IST" name="Default suite" finished-at="2024-06-20T19:04:57 IST" duration-ms="15831">
    <groups>
    </groups>
    <test started-at="2024-06-20T19:04:41 IST" name="Default test" finished-at="2024-06-20T19:04:57 IST" duration-ms="15831">
      <class name="vimeoTest.VimeoLoginTest">
        <test-method is-config="true" signature="setUp()[pri:0, instance:vimeoTest.VimeoLoginTest@6f1de4c7]" started-at="2024-06-20T19:04:41 IST" name="setUp" finished-at="2024-06-20T19:04:45 IST" duration-ms="3758" status="PASS">
          <reporter-output>
          </reporter-output>
        </test-method> <!-- setUp -->
        <test-method signature="login()[pri:1, instance:vimeoTest.VimeoLoginTest@6f1de4c7]" started-at="2024-06-20T19:04:45 IST" name="login" finished-at="2024-06-20T19:04:57 IST" duration-ms="12014" status="PASS">
          <reporter-output>
          </reporter-output>
        </test-method> <!-- login -->
      </class> <!-- vimeoTest.VimeoLoginTest -->
    </test> <!-- Default test -->
  </suite> <!-- Default suite -->
</testng-results>
